<?xml version="1.0" encoding="UTF-8"?>
<!-- Generated by org.testng.reporters.JUnitReportReporter -->
<testsuite hostname="NC003" name="testcases.dashboard.provider.rolling.TC_ProviderMeasureViewR" tests="1" failures="0" timestamp="19 Feb 2018 14:43:19 GMT" time="97.008" errors="0">
  <testcase name="startTestCase" time="97.008" classname="testcases.dashboard.provider.rolling.TC_ProviderMeasureViewR"/>
</testsuite> <!-- testcases.dashboard.provider.rolling.TC_ProviderMeasureViewR -->
