<?xml version="1.0" encoding="UTF-8"?>
<!-- Generated by org.testng.reporters.JUnitReportReporter -->
<testsuite hostname="NC003" name="testcases.dashboard.location.locationList.rolling.TC_LocationBubbleCountR" tests="1" failures="0" timestamp="19 Feb 2018 14:43:18 GMT" time="4.362" errors="0">
  <testcase name="TC_AllMeasures" time="4.362" classname="testcases.dashboard.location.locationList.rolling.TC_LocationBubbleCountR"/>
</testsuite> <!-- testcases.dashboard.location.locationList.rolling.TC_LocationBubbleCountR -->
