<?xml version="1.0" encoding="UTF-8"?>
<!-- Generated by org.testng.reporters.JUnitReportReporter -->
<testsuite hostname="NC003" name="testcases.dashboard.provider.nonrolling.TC_ProviderMeasureViewNR" tests="1" failures="0" timestamp="19 Feb 2018 14:43:19 GMT" time="71.825" errors="0">
  <testcase name="startTestCase" time="71.825" classname="testcases.dashboard.provider.nonrolling.TC_ProviderMeasureViewNR"/>
</testsuite> <!-- testcases.dashboard.provider.nonrolling.TC_ProviderMeasureViewNR -->
