<?xml version="1.0" encoding="UTF-8"?>
<!-- Generated by org.testng.reporters.JUnitReportReporter -->
<testsuite hostname="NC003" name="testcases.analytics.sharedanalytics.TC_SharedAnalyticsView" tests="1" failures="0" timestamp="13 Jun 2017 11:13:11 GMT" time="37.490" errors="0">
  <testcase name="TC_AllMeasures" time="37.490" classname="testcases.analytics.sharedanalytics.TC_SharedAnalyticsView"/>
</testsuite> <!-- testcases.analytics.sharedanalytics.TC_SharedAnalyticsView -->
