<?xml version="1.0" encoding="UTF-8"?>
<!-- Generated by org.testng.reporters.JUnitReportReporter -->
<testsuite hostname="NC003" name="testcases.administration.usermanagement.TC_verifyusermanagementgridview" tests="1" failures="0" timestamp="14 Jun 2017 05:58:25 GMT" time="0.587" errors="0">
  <testcase name="testBlankPassword" time="0.587" classname="testcases.administration.usermanagement.TC_verifyusermanagementgridview"/>
</testsuite> <!-- testcases.administration.usermanagement.TC_verifyusermanagementgridview -->
