<?xml version="1.0" encoding="UTF-8"?>
<!-- Generated by org.testng.reporters.JUnitReportReporter -->
<testsuite hostname="NC003" name="testcases.dashboard.provider.rolling.TC_ProviderMeasureView" tests="1" failures="0" timestamp="12 Jun 2017 09:44:43 GMT" time="62.915" errors="0">
  <testcase name="startTestCase" time="62.915" classname="testcases.dashboard.provider.rolling.TC_ProviderMeasureView"/>
</testsuite> <!-- testcases.dashboard.provider.rolling.TC_ProviderMeasureView -->
