<?xml version="1.0" encoding="UTF-8"?>
<!-- Generated by org.testng.reporters.JUnitReportReporter -->
<testsuite hostname="NC003" name="testcases.dashboard.practice.nonRolling.TC_PracticeFavoritesMeasureViewNR" tests="1" failures="0" timestamp="12 Jun 2017 09:44:43 GMT" time="130.385" errors="0">
  <testcase name="PracticeFavoritesMeasureViewNR" time="130.385" classname="testcases.dashboard.practice.nonRolling.TC_PracticeFavoritesMeasureViewNR"/>
</testsuite> <!-- testcases.dashboard.practice.nonRolling.TC_PracticeFavoritesMeasureViewNR -->
