<?xml version="1.0" encoding="UTF-8"?>
<!-- Generated by org.testng.reporters.JUnitReportReporter -->
<testsuite hostname="NC003" name="testcases.dashboard.provider.rolling.TC_ProviderPatientDrillDownR" tests="1" failures="0" timestamp="19 Feb 2018 14:43:18 GMT" time="2.955" errors="0">
  <testcase name="startTestCase" time="2.955" classname="testcases.dashboard.provider.rolling.TC_ProviderPatientDrillDownR"/>
</testsuite> <!-- testcases.dashboard.provider.rolling.TC_ProviderPatientDrillDownR -->
