<?xml version="1.0" encoding="UTF-8"?>
<!-- Generated by org.testng.reporters.JUnitReportReporter -->
<testsuite hostname="NC003" name="testcases.dashboard.provider.rolling.TC_ProviderPatientDrillDownSortR" tests="1" failures="0" timestamp="19 Feb 2018 14:43:19 GMT" time="276.469" errors="0">
  <testcase name="startTestCase" time="276.469" classname="testcases.dashboard.provider.rolling.TC_ProviderPatientDrillDownSortR"/>
</testsuite> <!-- testcases.dashboard.provider.rolling.TC_ProviderPatientDrillDownSortR -->
