<?xml version="1.0" encoding="UTF-8"?>
<!-- Generated by org.testng.reporters.JUnitReportReporter -->
<testsuite hostname="NC003" name="testcases.dashboard.practice.practiceMeasureGrid.TC_PMCountOfHigherScore" tests="1" failures="0" timestamp="19 Feb 2018 14:43:19 GMT" time="23.470" errors="0">
  <testcase name="test" time="23.470" classname="testcases.dashboard.practice.practiceMeasureGrid.TC_PMCountOfHigherScore"/>
</testsuite> <!-- testcases.dashboard.practice.practiceMeasureGrid.TC_PMCountOfHigherScore -->
