<?xml version="1.0" encoding="UTF-8"?>
<!-- Generated by org.testng.reporters.JUnitReportReporter -->
<testsuite hostname="NC003" name="testcases.dashboard.practice.nonRolling.TC_PracticePerformanceTrendPatientDrillDownCountNR" tests="1" failures="0" timestamp="19 Feb 2018 14:43:18 GMT" time="93.894" errors="0">
  <testcase name="TC_AllMeasures" time="93.894" classname="testcases.dashboard.practice.nonRolling.TC_PracticePerformanceTrendPatientDrillDownCountNR"/>
</testsuite> <!-- testcases.dashboard.practice.nonRolling.TC_PracticePerformanceTrendPatientDrillDownCountNR -->
