<?xml version="1.0" encoding="UTF-8"?>
<!-- Generated by org.testng.reporters.JUnitReportReporter -->
<testsuite hostname="NC003" name="testcases.dashboard.provider.rolling.TC_ProviderPatientDrillDownCountR" tests="1" failures="0" timestamp="19 Feb 2018 14:43:19 GMT" time="170.678" errors="0">
  <testcase name="startTestCase" time="170.678" classname="testcases.dashboard.provider.rolling.TC_ProviderPatientDrillDownCountR"/>
</testsuite> <!-- testcases.dashboard.provider.rolling.TC_ProviderPatientDrillDownCountR -->
