<?xml version="1.0" encoding="UTF-8"?>
<!-- Generated by org.testng.reporters.JUnitReportReporter -->
<testsuite hostname="NC003" name="testcases.administration.provider.TC_ProviderPagination" tests="1" failures="0" timestamp="23 Nov 2017 12:52:56 GMT" time="10.055" errors="0">
  <testcase name="startTestCase" time="10.055" classname="testcases.administration.provider.TC_ProviderPagination"/>
</testsuite> <!-- testcases.administration.provider.TC_ProviderPagination -->
