<?xml version="1.0" encoding="UTF-8"?>
<!-- Generated by org.testng.reporters.JUnitReportReporter -->
<testsuite hostname="NC003" name="testcases.dashboard.location.locationList.nonRolling.TC_LocationBubbleCountNR" tests="1" failures="0" timestamp="19 Feb 2018 14:43:19 GMT" time="11.460" errors="0">
  <testcase name="TC_AllMeasures" time="11.460" classname="testcases.dashboard.location.locationList.nonRolling.TC_LocationBubbleCountNR"/>
</testsuite> <!-- testcases.dashboard.location.locationList.nonRolling.TC_LocationBubbleCountNR -->
