<?xml version="1.0" encoding="UTF-8"?>
<!-- Generated by org.testng.reporters.JUnitReportReporter -->
<testsuite hostname="NC003" name="testcases.dashboard.practice.nonRolling.TC_PracticeLocationPatientDrillDownViewNR" tests="1" failures="0" timestamp="12 Jun 2017 09:44:44 GMT" time="125.912" errors="0">
  <testcase name="TC_AllMeasures" time="125.912" classname="testcases.dashboard.practice.nonRolling.TC_PracticeLocationPatientDrillDownViewNR"/>
</testsuite> <!-- testcases.dashboard.practice.nonRolling.TC_PracticeLocationPatientDrillDownViewNR -->
