<?xml version="1.0" encoding="UTF-8"?>
<!-- Generated by org.testng.reporters.JUnitReportReporter -->
<testsuite hostname="NC003" name="testcases.administration.groupmanagement.TC_AssociatedUsersSort" tests="1" failures="0" timestamp="2 Nov 2017 11:32:19 GMT" time="4.602" errors="0">
  <testcase name="TC_AllMeasures" time="4.602" classname="testcases.administration.groupmanagement.TC_AssociatedUsersSort"/>
</testsuite> <!-- testcases.administration.groupmanagement.TC_AssociatedUsersSort -->
