<?xml version="1.0" encoding="UTF-8"?>
<!-- Generated by org.testng.reporters.JUnitReportReporter -->
<testsuite hostname="NC003" name="testcases.dashboard.practice.rolling.TC_PracticeProvidersPatientDrillDownViewR" tests="1" failures="0" timestamp="12 Jun 2017 09:44:43 GMT" time="125.885" errors="0">
  <testcase name="TC_AllMeasures" time="125.885" classname="testcases.dashboard.practice.rolling.TC_PracticeProvidersPatientDrillDownViewR"/>
</testsuite> <!-- testcases.dashboard.practice.rolling.TC_PracticeProvidersPatientDrillDownViewR -->
