<?xml version="1.0" encoding="UTF-8"?>
<!-- Generated by org.testng.reporters.JUnitReportReporter -->
<testsuite hostname="NC003" name="testcases.dashboard.practice.practiceMeasureGrid.TC_PracticeMeasureCountNR" tests="1" failures="0" timestamp="19 Feb 2018 14:43:18 GMT" time="33.757" errors="0">
  <testcase name="test" time="33.757" classname="testcases.dashboard.practice.practiceMeasureGrid.TC_PracticeMeasureCountNR"/>
</testsuite> <!-- testcases.dashboard.practice.practiceMeasureGrid.TC_PracticeMeasureCountNR -->
