<?xml version="1.0" encoding="UTF-8"?>
<!-- Generated by org.testng.reporters.JUnitReportReporter -->
<testsuite hostname="NC003" name="testcases.dashboard.practice.practiceMeasureGrid.TC_PracticeFavoritesMeasureViewNR" tests="1" failures="0" timestamp="16 Feb 2018 14:32:08 GMT" time="99.929" errors="0">
  <testcase name="test" time="99.929" classname="testcases.dashboard.practice.practiceMeasureGrid.TC_PracticeFavoritesMeasureViewNR"/>
</testsuite> <!-- testcases.dashboard.practice.practiceMeasureGrid.TC_PracticeFavoritesMeasureViewNR -->
