<?xml version="1.0" encoding="UTF-8"?>
<!-- Generated by org.testng.reporters.JUnitReportReporter -->
<testsuite hostname="NC003" name="testcases.dashboard.practice.rolling.TC_PracticeLocationPopUpCountR" tests="1" failures="0" timestamp="19 Feb 2018 14:43:19 GMT" time="30.194" errors="0">
  <testcase name="TC_AllMeasuresPracticeLocationPopUpCountR" time="30.194" classname="testcases.dashboard.practice.rolling.TC_PracticeLocationPopUpCountR"/>
</testsuite> <!-- testcases.dashboard.practice.rolling.TC_PracticeLocationPopUpCountR -->
