<?xml version="1.0" encoding="UTF-8"?>
<!-- Generated by org.testng.reporters.JUnitReportReporter -->
<testsuite hostname="NC003" name="testcases.dashboard.practice.rolling.TC_PracticeMeasureComputationSummaryViewR" tests="1" failures="0" timestamp="12 Jun 2017 09:44:44 GMT" time="125.580" errors="0">
  <testcase name="startTestCase" time="125.580" classname="testcases.dashboard.practice.rolling.TC_PracticeMeasureComputationSummaryViewR"/>
</testsuite> <!-- testcases.dashboard.practice.rolling.TC_PracticeMeasureComputationSummaryViewR -->
