<?xml version="1.0" encoding="UTF-8"?>
<!-- Generated by org.testng.reporters.JUnitReportReporter -->
<testsuite hostname="NC003" name="testcases.mips.TC_Verfiymipsprovidergrid" tests="1" failures="0" timestamp="21 Nov 2017 11:46:13 GMT" time="22.000" errors="0">
  <testcase name="testBlankPassword" time="22.000" classname="testcases.mips.TC_Verfiymipsprovidergrid"/>
</testsuite> <!-- testcases.mips.TC_Verfiymipsprovidergrid -->
