<?xml version="1.0" encoding="UTF-8"?>
<!-- Generated by org.testng.reporters.JUnitReportReporter -->
<testsuite hostname="NC003" name="testcases.dashboard.practice.rolling.TC_PracticePerformanceTrendPatientDrillDownPaginationR" tests="1" failures="0" timestamp="12 Jun 2017 09:44:44 GMT" time="187.319" errors="0">
  <testcase name="TC_AllMeasures" time="187.319" classname="testcases.dashboard.practice.rolling.TC_PracticePerformanceTrendPatientDrillDownPaginationR"/>
</testsuite> <!-- testcases.dashboard.practice.rolling.TC_PracticePerformanceTrendPatientDrillDownPaginationR -->
