<?xml version="1.0" encoding="UTF-8"?>
<!-- Generated by org.testng.reporters.JUnitReportReporter -->
<testsuite hostname="NC003" name="testcases.administration.groupmanagement.TC_UserGroupSearch" tests="1" failures="0" timestamp="14 Jun 2017 05:58:25 GMT" time="140.442" errors="0">
  <testcase name="TC_AllMeasures" time="140.442" classname="testcases.administration.groupmanagement.TC_UserGroupSearch"/>
</testsuite> <!-- testcases.administration.groupmanagement.TC_UserGroupSearch -->
