<?xml version="1.0" encoding="UTF-8"?>
<!-- Generated by org.testng.reporters.JUnitReportReporter -->
<testsuite hostname="NC003" name="testcases.dashboard.provider.nonrolling.TC_DashboardProviderViewNR" tests="1" failures="0" timestamp="12 Jun 2017 09:44:44 GMT" time="62.711" errors="0">
  <testcase name="startTestCase" time="62.711" classname="testcases.dashboard.provider.nonrolling.TC_DashboardProviderViewNR"/>
</testsuite> <!-- testcases.dashboard.provider.nonrolling.TC_DashboardProviderViewNR -->
