<?xml version="1.0" encoding="UTF-8"?>
<!-- Generated by org.testng.reporters.JUnitReportReporter -->
<testsuite hostname="NC003" name="testcases.dashboard.practice.rolling.TC_PracticeLocationPatientDrillDownSortR" tests="1" failures="0" timestamp="12 Jun 2017 09:44:40 GMT" time="127.780" errors="0">
  <testcase name="TC_AllMeasures" time="127.780" classname="testcases.dashboard.practice.rolling.TC_PracticeLocationPatientDrillDownSortR"/>
</testsuite> <!-- testcases.dashboard.practice.rolling.TC_PracticeLocationPatientDrillDownSortR -->
