<?xml version="1.0" encoding="UTF-8"?>
<!-- Generated by org.testng.reporters.JUnitReportReporter -->
<testsuite hostname="NC003" name="testcases.administration.groupmanagement.TC_AuthorizedUsersGroupsSearch" tests="1" failures="0" timestamp="2 Nov 2017 11:32:19 GMT" time="4.616" errors="0">
  <testcase name="TC_AllMeasures" time="4.616" classname="testcases.administration.groupmanagement.TC_AuthorizedUsersGroupsSearch"/>
</testsuite> <!-- testcases.administration.groupmanagement.TC_AuthorizedUsersGroupsSearch -->
