<?xml version="1.0" encoding="UTF-8"?>
<!-- Generated by org.testng.reporters.JUnitReportReporter -->
<testsuite hostname="NC003" name="testcases.dashboard.practice.nonRolling.TC_PracticeProvidersPopUpViewNR" tests="1" failures="0" timestamp="12 Jun 2017 09:44:40 GMT" time="126.344" errors="0">
  <testcase name="TC_AllMeasures" time="126.344" classname="testcases.dashboard.practice.nonRolling.TC_PracticeProvidersPopUpViewNR"/>
</testsuite> <!-- testcases.dashboard.practice.nonRolling.TC_PracticeProvidersPopUpViewNR -->
