<?xml version="1.0" encoding="UTF-8"?>
<!-- Generated by org.testng.reporters.JUnitReportReporter -->
<testsuite hostname="NC003" name="testcases.dashboard.provider.rolling.TC_ProviderPatientDrillDown" tests="1" failures="0" timestamp="12 Jun 2017 09:44:43 GMT" time="62.860" errors="0">
  <testcase name="startTestCase" time="62.860" classname="testcases.dashboard.provider.rolling.TC_ProviderPatientDrillDown"/>
</testsuite> <!-- testcases.dashboard.provider.rolling.TC_ProviderPatientDrillDown -->
