<?xml version="1.0" encoding="UTF-8"?>
<!-- Generated by org.testng.reporters.JUnitReportReporter -->
<testsuite hostname="NC003" name="testcases.administration.usermanagement.TC_SortUser" tests="1" failures="0" timestamp="2 Nov 2017 11:32:19 GMT" time="0.958" errors="0">
  <testcase name="testBlankPassword" time="0.958" classname="testcases.administration.usermanagement.TC_SortUser"/>
</testsuite> <!-- testcases.administration.usermanagement.TC_SortUser -->
