<?xml version="1.0" encoding="UTF-8"?>
<!-- Generated by org.testng.reporters.JUnitReportReporter -->
<testsuite hostname="NC003" name="testcases.dashboard.practice.nonRolling.TC_PracticeAllProvidersPopUpViewNR" tests="1" failures="0" timestamp="27 Nov 2017 13:54:46 GMT" time="37.189" errors="0">
  <testcase name="TC_AllMeasures" time="37.189" classname="testcases.dashboard.practice.nonRolling.TC_PracticeAllProvidersPopUpViewNR"/>
</testsuite> <!-- testcases.dashboard.practice.nonRolling.TC_PracticeAllProvidersPopUpViewNR -->
