<?xml version="1.0" encoding="UTF-8"?>
<!-- Generated by org.testng.reporters.JUnitReportReporter -->
<testsuite hostname="NC003" name="testcases.pro.clinicianportal.TC_Verifywelcomepage" tests="1" failures="0" timestamp="9 Nov 2017 13:14:03 GMT" time="11.250" errors="0">
  <testcase name="testBlankPassword" time="11.250" classname="testcases.pro.clinicianportal.TC_Verifywelcomepage"/>
</testsuite> <!-- testcases.pro.clinicianportal.TC_Verifywelcomepage -->
