<?xml version="1.0" encoding="UTF-8"?>
<!-- Generated by org.testng.reporters.JUnitReportReporter -->
<testsuite hostname="NC003" name="testcases.dashboard.location.rolling.TC_LocationCountR" tests="1" failures="0" timestamp="12 Jun 2017 09:44:44 GMT" time="186.984" errors="0">
  <testcase name="TC_AllMeasures" time="186.984" classname="testcases.dashboard.location.rolling.TC_LocationCountR"/>
</testsuite> <!-- testcases.dashboard.location.rolling.TC_LocationCountR -->
