<?xml version="1.0" encoding="UTF-8"?>
<!-- Generated by org.testng.reporters.JUnitReportReporter -->
<testsuite hostname="NC003" name="testcases.dashboard.provider.rolling.TC_ProviderMeasureComputationSummary" tests="1" failures="0" timestamp="12 Jun 2017 09:44:40 GMT" time="62.883" errors="0">
  <testcase name="startTestCase" time="62.883" classname="testcases.dashboard.provider.rolling.TC_ProviderMeasureComputationSummary"/>
</testsuite> <!-- testcases.dashboard.provider.rolling.TC_ProviderMeasureComputationSummary -->
