<?xml version="1.0" encoding="UTF-8"?>
<!-- Generated by org.testng.reporters.JUnitReportReporter -->
<testsuite hostname="NC003" name="testcases.administration.practice.TC_PracticeView" tests="1" failures="0" timestamp="14 Jun 2017 05:58:25 GMT" time="77.576" errors="0">
  <testcase name="TC_AllMeasures" time="77.576" classname="testcases.administration.practice.TC_PracticeView"/>
</testsuite> <!-- testcases.administration.practice.TC_PracticeView -->
