<?xml version="1.0" encoding="UTF-8"?>
<!-- Generated by org.testng.reporters.JUnitReportReporter -->
<testsuite hostname="NC003" name="testcases.administration.provider.TC_SearchProviderTable" tests="1" failures="0" timestamp="2 Nov 2017 11:32:19 GMT" time="133.045" errors="0">
  <testcase name="startTestCase" time="133.045" classname="testcases.administration.provider.TC_SearchProviderTable"/>
</testsuite> <!-- testcases.administration.provider.TC_SearchProviderTable -->
