<?xml version="1.0" encoding="UTF-8"?>
<!-- Generated by org.testng.reporters.JUnitReportReporter -->
<testsuite hostname="NC003" name="testcases.administration.practice.TC_PracticeSearch" tests="1" failures="1" timestamp="14 Jun 2017 05:58:25 GMT" time="69.499" errors="0">
  <testcase name="TC_AllMeasures" time="69.499" classname="testcases.administration.practice.TC_PracticeSearch">
    <failure type="java.lang.AssertionError" message="The following asserts failed:
	Sorted data present on practice Grid on UI not match with Database">
      <![CDATA[java.lang.AssertionError: The following asserts failed:
	Sorted data present on practice Grid on UI not match with Database
	at org.testng.asserts.SoftAssert.assertAll(SoftAssert.java:43)
	at testcases.administration.practice.TC_PracticeSearch.TC_AllMeasures(TC_PracticeSearch.java:33)
	at sun.reflect.NativeMethodAccessorImpl.invoke0(Native Method)
	at sun.reflect.NativeMethodAccessorImpl.invoke(NativeMethodAccessorImpl.java:62)
	at sun.reflect.DelegatingMethodAccessorImpl.invoke(DelegatingMethodAccessorImpl.java:43)
	at java.lang.reflect.Method.invoke(Method.java:497)
	at org.testng.internal.MethodInvocationHelper.invokeMethod(MethodInvocationHelper.java:86)
	at org.testng.internal.Invoker.invokeMethod(Invoker.java:645)
	at org.testng.internal.Invoker.invokeTestMethod(Invoker.java:822)
	at org.testng.internal.Invoker.invokeTestMethods(Invoker.java:1130)
	at org.testng.internal.TestMethodWorker.invokeTestMethods(TestMethodWorker.java:129)
	at org.testng.internal.TestMethodWorker.run(TestMethodWorker.java:112)
	at org.testng.TestRunner.privateRun(TestRunner.java:782)
	at org.testng.TestRunner.run(TestRunner.java:632)
	at org.testng.SuiteRunner.runTest(SuiteRunner.java:366)
	at org.testng.SuiteRunner.runSequentially(SuiteRunner.java:361)
	at org.testng.SuiteRunner.privateRun(SuiteRunner.java:319)
	at org.testng.SuiteRunner.run(SuiteRunner.java:268)
	at org.testng.SuiteRunnerWorker.runSuite(SuiteRunnerWorker.java:52)
	at org.testng.SuiteRunnerWorker.run(SuiteRunnerWorker.java:86)
	at org.testng.TestNG.runSuitesSequentially(TestNG.java:1244)
	at org.testng.TestNG.runSuitesLocally(TestNG.java:1169)
	at org.testng.TestNG.run(TestNG.java:1064)
	at TestNGLoader.Loader.main(Loader.java:59)
]]>
    </failure>
  </testcase> <!-- TC_AllMeasures -->
</testsuite> <!-- testcases.administration.practice.TC_PracticeSearch -->
