<?xml version="1.0" encoding="UTF-8"?>
<!-- Generated by org.testng.reporters.JUnitReportReporter -->
<testsuite hostname="NC003" name="testcases.administration.usermanagement.TC_UserPagination" tests="1" failures="0" timestamp="23 Nov 2017 12:50:32 GMT" time="0.736" errors="0">
  <testcase name="testBlankPassword" time="0.736" classname="testcases.administration.usermanagement.TC_UserPagination"/>
</testsuite> <!-- testcases.administration.usermanagement.TC_UserPagination -->
