<?xml version="1.0" encoding="UTF-8"?>
<!-- Generated by org.testng.reporters.JUnitReportReporter -->
<testsuite hostname="NC003" name="testcases.login.TC_DefaultLogin" tests="1" failures="0" timestamp="27 Nov 2017 13:54:46 GMT" time="18.062" errors="0">
  <testcase name="testBlankPassword" time="18.062" classname="testcases.login.TC_DefaultLogin"/>
</testsuite> <!-- testcases.login.TC_DefaultLogin -->
